<?xml version="1.0" encoding="UTF-8" standalone="no"?>
<!DOCTYPE log SYSTEM "logger.dtd">
<log>
<record>
  <date>2023-12-10T21:08:45.997471Z</date>
  <millis>1702242525997</millis>
  <nanos>471000</nanos>
  <sequence>0</sequence>
  <logger>java.util.logging.Logger</logger>
  <level>INFO</level>
  <class>org.example.Main</class>
  <method>main</method>
  <thread>1</thread>
  <message>uzytkownik uruchamia aplikacje</message>
</record>
<record>
  <date>2023-12-10T21:08:49.057421800Z</date>
  <millis>1702242529057</millis>
  <nanos>421800</nanos>
  <sequence>1</sequence>
  <logger>java.util.logging.Logger</logger>
  <level>INFO</level>
  <class>org.example.LoginPage</class>
  <method>actionPerformed</method>
  <thread>27</thread>
  <message>uzytkownik podejmuje próbe logowania</message>
</record>
<record>
  <date>2023-12-10T21:08:50.114847500Z</date>
  <millis>1702242530114</millis>
  <nanos>847500</nanos>
  <sequence>2</sequence>
  <logger>java.util.logging.Logger</logger>
  <level>INFO</level>
  <class>org.example.MainMenu</class>
  <method>actionPerformed</method>
  <thread>27</thread>
  <message>uzytkownik dokonuje próby uruchomienia modułu odpowiedzialnego za opłacanie składek</message>
</record>
<record>
  <date>2023-12-10T21:08:50.150828400Z</date>
  <millis>1702242530150</millis>
  <nanos>828400</nanos>
  <sequence>3</sequence>
  <logger>java.util.logging.Logger</logger>
  <level>INFO</level>
  <class>org.example.Oplata</class>
  <method>&lt;init&gt;</method>
  <thread>27</thread>
  <message>uzytkownik uruchamia modul odpowiedzialny za dokonywanie oplat</message>
</record>
<record>
  <date>2023-12-10T21:10:05.091014200Z</date>
  <millis>1702242605091</millis>
  <nanos>14200</nanos>
  <sequence>4</sequence>
  <logger>java.util.logging.Logger</logger>
  <level>INFO</level>
  <class>org.example.Oplata</class>
  <method>actionPerformed</method>
  <thread>27</thread>
  <message>uzytkownik dokonuje oplaty</message>
</record>
</log>
